<?xml version="1.0" encoding="UTF-8"?>
<!-- Generated by org.testng.reporters.JUnitReportReporter -->
<testsuite hostname="praveenpaul" failures="0" tests="1" name="testpkg.Lulutestclass" time="82.388" errors="0" timestamp="2024-04-04T20:50:56 IST" skipped="0">
  <testcase classname="testpkg.Lulutestclass" name="loginpage" time="82.388"/>
</testsuite> <!-- testpkg.Lulutestclass -->
